[0.379s] Invoking command in '/lab1_ws/src/lab1_pkg': PYTHONPATH=/lab1_ws/install/lab1_pkg/lib/python3.8/site-packages:${PYTHONPATH} /usr/bin/python3 setup.py egg_info --egg-base ../../build/lab1_pkg build --build-base /lab1_ws/build/lab1_pkg/build install --prefix /lab1_ws/install/lab1_pkg --record /lab1_ws/build/lab1_pkg/install.log --single-version-externally-managed
[0.470s] running egg_info
[0.475s] writing ../../build/lab1_pkg/lab1_pkg.egg-info/PKG-INFO
[0.479s] writing dependency_links to ../../build/lab1_pkg/lab1_pkg.egg-info/dependency_links.txt
[0.486s] writing entry points to ../../build/lab1_pkg/lab1_pkg.egg-info/entry_points.txt
[0.490s] writing requirements to ../../build/lab1_pkg/lab1_pkg.egg-info/requires.txt
[0.494s] writing top-level names to ../../build/lab1_pkg/lab1_pkg.egg-info/top_level.txt
[0.528s] reading manifest file '../../build/lab1_pkg/lab1_pkg.egg-info/SOURCES.txt'
[0.537s] writing manifest file '../../build/lab1_pkg/lab1_pkg.egg-info/SOURCES.txt'
[0.541s] running build
[0.544s] running build_py
[0.547s] copying lab1_pkg/talker.py -> /lab1_ws/build/lab1_pkg/build/lib/lab1_pkg
[0.550s] running install
[0.553s] running install_lib
[0.556s] copying /lab1_ws/build/lab1_pkg/build/lib/lab1_pkg/talker.py -> /lab1_ws/install/lab1_pkg/lib/python3.8/site-packages/lab1_pkg
[0.564s] byte-compiling /lab1_ws/install/lab1_pkg/lib/python3.8/site-packages/lab1_pkg/talker.py to talker.cpython-38.pyc
[0.572s] running install_data
[0.575s] running install_egg_info
[0.578s] removing '/lab1_ws/install/lab1_pkg/lib/python3.8/site-packages/lab1_pkg-0.0.0-py3.8.egg-info' (and everything under it)
[0.586s] Copying ../../build/lab1_pkg/lab1_pkg.egg-info to /lab1_ws/install/lab1_pkg/lib/python3.8/site-packages/lab1_pkg-0.0.0-py3.8.egg-info
[0.664s] running install_scripts
[0.680s] Installing relay script to /lab1_ws/install/lab1_pkg/lib/lab1_pkg
[0.685s] Installing talker script to /lab1_ws/install/lab1_pkg/lib/lab1_pkg
[0.690s] writing list of installed files to '/lab1_ws/build/lab1_pkg/install.log'
[0.708s] Invoked command in '/lab1_ws/src/lab1_pkg' returned '0': PYTHONPATH=/lab1_ws/install/lab1_pkg/lib/python3.8/site-packages:${PYTHONPATH} /usr/bin/python3 setup.py egg_info --egg-base ../../build/lab1_pkg build --build-base /lab1_ws/build/lab1_pkg/build install --prefix /lab1_ws/install/lab1_pkg --record /lab1_ws/build/lab1_pkg/install.log --single-version-externally-managed
