[0.372s] Invoking command in '/lab1_ws/src/lab1_pkg': PYTHONPATH=/lab1_ws/src/install/lab1_pkg/lib/python3.8/site-packages:${PYTHONPATH} /usr/bin/python3 setup.py egg_info --egg-base ../build/lab1_pkg build --build-base /lab1_ws/src/build/lab1_pkg/build install --prefix /lab1_ws/src/install/lab1_pkg --record /lab1_ws/src/build/lab1_pkg/install.log --single-version-externally-managed
[0.448s] running egg_info
[0.453s] creating ../build/lab1_pkg/lab1_pkg.egg-info
[0.458s] writing ../build/lab1_pkg/lab1_pkg.egg-info/PKG-INFO
[0.466s] writing dependency_links to ../build/lab1_pkg/lab1_pkg.egg-info/dependency_links.txt
[0.473s] writing entry points to ../build/lab1_pkg/lab1_pkg.egg-info/entry_points.txt
[0.478s] writing requirements to ../build/lab1_pkg/lab1_pkg.egg-info/requires.txt
[0.481s] writing top-level names to ../build/lab1_pkg/lab1_pkg.egg-info/top_level.txt
[0.488s] writing manifest file '../build/lab1_pkg/lab1_pkg.egg-info/SOURCES.txt'
[0.517s] reading manifest file '../build/lab1_pkg/lab1_pkg.egg-info/SOURCES.txt'
[0.532s] writing manifest file '../build/lab1_pkg/lab1_pkg.egg-info/SOURCES.txt'
[0.536s] running build
[0.540s] running build_py
[0.543s] creating /lab1_ws/src/build/lab1_pkg/build
[0.546s] creating /lab1_ws/src/build/lab1_pkg/build/lib
[0.548s] creating /lab1_ws/src/build/lab1_pkg/build/lib/lab1_pkg
[0.552s] copying lab1_pkg/__init__.py -> /lab1_ws/src/build/lab1_pkg/build/lib/lab1_pkg
[0.556s] copying lab1_pkg/relay.py -> /lab1_ws/src/build/lab1_pkg/build/lib/lab1_pkg
[0.570s] copying lab1_pkg/talker.py -> /lab1_ws/src/build/lab1_pkg/build/lib/lab1_pkg
[0.578s] running install
[0.582s] running install_lib
[0.585s] creating /lab1_ws/src/install/lab1_pkg/lib/python3.8/site-packages/lab1_pkg
[0.589s] copying /lab1_ws/src/build/lab1_pkg/build/lib/lab1_pkg/__init__.py -> /lab1_ws/src/install/lab1_pkg/lib/python3.8/site-packages/lab1_pkg
[0.600s] copying /lab1_ws/src/build/lab1_pkg/build/lib/lab1_pkg/relay.py -> /lab1_ws/src/install/lab1_pkg/lib/python3.8/site-packages/lab1_pkg
[0.612s] copying /lab1_ws/src/build/lab1_pkg/build/lib/lab1_pkg/talker.py -> /lab1_ws/src/install/lab1_pkg/lib/python3.8/site-packages/lab1_pkg
[0.624s] byte-compiling /lab1_ws/src/install/lab1_pkg/lib/python3.8/site-packages/lab1_pkg/__init__.py to __init__.cpython-38.pyc
[0.638s] byte-compiling /lab1_ws/src/install/lab1_pkg/lib/python3.8/site-packages/lab1_pkg/relay.py to relay.cpython-38.pyc
[0.649s] byte-compiling /lab1_ws/src/install/lab1_pkg/lib/python3.8/site-packages/lab1_pkg/talker.py to talker.cpython-38.pyc
[0.658s] running install_data
[0.661s] creating /lab1_ws/src/install/lab1_pkg/share/ament_index
[0.664s] creating /lab1_ws/src/install/lab1_pkg/share/ament_index/resource_index
[0.666s] creating /lab1_ws/src/install/lab1_pkg/share/ament_index/resource_index/packages
[0.669s] copying resource/lab1_pkg -> /lab1_ws/src/install/lab1_pkg/share/ament_index/resource_index/packages
[0.677s] copying package.xml -> /lab1_ws/src/install/lab1_pkg/share/lab1_pkg
[0.685s] running install_egg_info
[0.688s] Copying ../build/lab1_pkg/lab1_pkg.egg-info to /lab1_ws/src/install/lab1_pkg/lib/python3.8/site-packages/lab1_pkg-0.0.0-py3.8.egg-info
[0.769s] running install_scripts
[0.783s] Installing relay script to /lab1_ws/src/install/lab1_pkg/lib/lab1_pkg
[0.792s] Installing talker script to /lab1_ws/src/install/lab1_pkg/lib/lab1_pkg
[0.801s] writing list of installed files to '/lab1_ws/src/build/lab1_pkg/install.log'
[0.822s] Invoked command in '/lab1_ws/src/lab1_pkg' returned '0': PYTHONPATH=/lab1_ws/src/install/lab1_pkg/lib/python3.8/site-packages:${PYTHONPATH} /usr/bin/python3 setup.py egg_info --egg-base ../build/lab1_pkg build --build-base /lab1_ws/src/build/lab1_pkg/build install --prefix /lab1_ws/src/install/lab1_pkg --record /lab1_ws/src/build/lab1_pkg/install.log --single-version-externally-managed
