-- The C compiler identification is GNU 9.4.0
-- The CXX compiler identification is GNU 9.4.0
-- Check for working C compiler: /usr/bin/cc
-- Check for working C compiler: /usr/bin/cc -- works
-- Detecting C compiler ABI info
-- Detecting C compiler ABI info - done
-- Detecting C compile features
-- Detecting C compile features - done
-- Check for working CXX compiler: /usr/bin/c++
-- Check for working CXX compiler: /usr/bin/c++ -- works
-- Detecting CXX compiler ABI info
-- Detecting CXX compiler ABI info - done
-- Detecting CXX compile features
-- Detecting CXX compile features - done
-- Found ament_cmake: 0.9.9 (/opt/ros/foxy/share/ament_cmake/cmake)
-- Found PythonInterp: /usr/bin/python3 (found suitable version "3.8.10", minimum required is "3") 
-- Using PYTHON_EXECUTABLE: /usr/bin/python3
-- Found ament_lint_auto: 0.9.6 (/opt/ros/foxy/share/ament_lint_auto/cmake)
-- Added test 'copyright' to check source files copyright and LICENSE
-- Added test 'flake8' to check Python code syntax and style conventions
-- Added test 'lint_cmake' to check CMake code style
-- Added test 'pep257' to check Python code against some of the style conventions in PEP 257
-- Added test 'xmllint' to check XML markup files
-- Configuring done
-- Generating done
-- Build files have been written to: /root/lab1_ws/build/lab1_pkg
-- Install configuration: ""
-- Installing: /root/lab1_ws/install/lab1_pkg/share/ament_index/resource_index/package_run_dependencies/lab1_pkg
-- Installing: /root/lab1_ws/install/lab1_pkg/share/ament_index/resource_index/parent_prefix_path/lab1_pkg
-- Installing: /root/lab1_ws/install/lab1_pkg/share/lab1_pkg/environment/ament_prefix_path.sh
-- Installing: /root/lab1_ws/install/lab1_pkg/share/lab1_pkg/environment/ament_prefix_path.dsv
-- Installing: /root/lab1_ws/install/lab1_pkg/share/lab1_pkg/environment/path.sh
-- Installing: /root/lab1_ws/install/lab1_pkg/share/lab1_pkg/environment/path.dsv
-- Installing: /root/lab1_ws/install/lab1_pkg/share/lab1_pkg/local_setup.bash
-- Installing: /root/lab1_ws/install/lab1_pkg/share/lab1_pkg/local_setup.sh
-- Installing: /root/lab1_ws/install/lab1_pkg/share/lab1_pkg/local_setup.zsh
-- Installing: /root/lab1_ws/install/lab1_pkg/share/lab1_pkg/local_setup.dsv
-- Installing: /root/lab1_ws/install/lab1_pkg/share/lab1_pkg/package.dsv
-- Installing: /root/lab1_ws/install/lab1_pkg/share/ament_index/resource_index/packages/lab1_pkg
-- Installing: /root/lab1_ws/install/lab1_pkg/share/lab1_pkg/cmake/lab1_pkgConfig.cmake
-- Installing: /root/lab1_ws/install/lab1_pkg/share/lab1_pkg/cmake/lab1_pkgConfig-version.cmake
-- Installing: /root/lab1_ws/install/lab1_pkg/share/lab1_pkg/package.xml
