[0.261s] Invoking command in '/root/lab1_ws/src/lab1_pkg': PYTHONPATH=/root/lab1_ws/install/lab1_pkg/lib/python3.8/site-packages:${PYTHONPATH} /usr/bin/python3 setup.py egg_info --egg-base ../../build/lab1_pkg build --build-base /root/lab1_ws/build/lab1_pkg/build install --prefix /root/lab1_ws/install/lab1_pkg --record /root/lab1_ws/build/lab1_pkg/install.log --single-version-externally-managed
[0.342s] running egg_info
[0.343s] creating ../../build/lab1_pkg/lab1_pkg.egg-info
[0.343s] writing ../../build/lab1_pkg/lab1_pkg.egg-info/PKG-INFO
[0.343s] writing dependency_links to ../../build/lab1_pkg/lab1_pkg.egg-info/dependency_links.txt
[0.343s] writing entry points to ../../build/lab1_pkg/lab1_pkg.egg-info/entry_points.txt
[0.343s] writing requirements to ../../build/lab1_pkg/lab1_pkg.egg-info/requires.txt
[0.343s] writing top-level names to ../../build/lab1_pkg/lab1_pkg.egg-info/top_level.txt
[0.344s] writing manifest file '../../build/lab1_pkg/lab1_pkg.egg-info/SOURCES.txt'
[0.362s] reading manifest file '../../build/lab1_pkg/lab1_pkg.egg-info/SOURCES.txt'
[0.362s] writing manifest file '../../build/lab1_pkg/lab1_pkg.egg-info/SOURCES.txt'
[0.363s] running build
[0.363s] running build_py
[0.363s] creating /root/lab1_ws/build/lab1_pkg/build
[0.363s] creating /root/lab1_ws/build/lab1_pkg/build/lib
[0.363s] creating /root/lab1_ws/build/lab1_pkg/build/lib/lab1_pkg
[0.363s] copying lab1_pkg/__init__.py -> /root/lab1_ws/build/lab1_pkg/build/lib/lab1_pkg
[0.363s] copying lab1_pkg/relay.py -> /root/lab1_ws/build/lab1_pkg/build/lib/lab1_pkg
[0.363s] copying lab1_pkg/talker.py -> /root/lab1_ws/build/lab1_pkg/build/lib/lab1_pkg
[0.363s] running install
[0.364s] running install_lib
[0.364s] creating /root/lab1_ws/install/lab1_pkg/lib/python3.8/site-packages/lab1_pkg
[0.364s] copying /root/lab1_ws/build/lab1_pkg/build/lib/lab1_pkg/__init__.py -> /root/lab1_ws/install/lab1_pkg/lib/python3.8/site-packages/lab1_pkg
[0.364s] copying /root/lab1_ws/build/lab1_pkg/build/lib/lab1_pkg/relay.py -> /root/lab1_ws/install/lab1_pkg/lib/python3.8/site-packages/lab1_pkg
[0.364s] copying /root/lab1_ws/build/lab1_pkg/build/lib/lab1_pkg/talker.py -> /root/lab1_ws/install/lab1_pkg/lib/python3.8/site-packages/lab1_pkg
[0.365s] byte-compiling /root/lab1_ws/install/lab1_pkg/lib/python3.8/site-packages/lab1_pkg/__init__.py to __init__.cpython-38.pyc
[0.365s] byte-compiling /root/lab1_ws/install/lab1_pkg/lib/python3.8/site-packages/lab1_pkg/relay.py to relay.cpython-38.pyc
[0.365s] Sorry: TabError: inconsistent use of tabs and spaces in indentation (relay.py, line 20)
[0.366s] byte-compiling /root/lab1_ws/install/lab1_pkg/lib/python3.8/site-packages/lab1_pkg/talker.py to talker.cpython-38.pyc
[0.366s] running install_data
[0.366s] copying resource/lab1_pkg -> /root/lab1_ws/install/lab1_pkg/share/ament_index/resource_index/packages
[0.366s] copying package.xml -> /root/lab1_ws/install/lab1_pkg/share/lab1_pkg
[0.366s] running install_egg_info
[0.367s] Copying ../../build/lab1_pkg/lab1_pkg.egg-info to /root/lab1_ws/install/lab1_pkg/lib/python3.8/site-packages/lab1_pkg-0.0.0-py3.8.egg-info
[0.367s] running install_scripts
[0.376s] Installing relay script to /root/lab1_ws/install/lab1_pkg/lib/lab1_pkg
[0.377s] Installing talker script to /root/lab1_ws/install/lab1_pkg/lib/lab1_pkg
[0.377s] writing list of installed files to '/root/lab1_ws/build/lab1_pkg/install.log'
[0.389s] Invoked command in '/root/lab1_ws/src/lab1_pkg' returned '0': PYTHONPATH=/root/lab1_ws/install/lab1_pkg/lib/python3.8/site-packages:${PYTHONPATH} /usr/bin/python3 setup.py egg_info --egg-base ../../build/lab1_pkg build --build-base /root/lab1_ws/build/lab1_pkg/build install --prefix /root/lab1_ws/install/lab1_pkg --record /root/lab1_ws/build/lab1_pkg/install.log --single-version-externally-managed
