[0.251s] Invoking command in '/root/lab1_ws/src/lab1_pkg': PYTHONPATH=/root/lab1_ws/install/lab1_pkg/lib/python3.8/site-packages:${PYTHONPATH} /usr/bin/python3 setup.py egg_info --egg-base ../../build/lab1_pkg build --build-base /root/lab1_ws/build/lab1_pkg/build install --prefix /root/lab1_ws/install/lab1_pkg --record /root/lab1_ws/build/lab1_pkg/install.log --single-version-externally-managed
[0.329s] running egg_info
[0.330s] writing ../../build/lab1_pkg/lab1_pkg.egg-info/PKG-INFO
[0.330s] writing dependency_links to ../../build/lab1_pkg/lab1_pkg.egg-info/dependency_links.txt
[0.330s] writing entry points to ../../build/lab1_pkg/lab1_pkg.egg-info/entry_points.txt
[0.330s] writing requirements to ../../build/lab1_pkg/lab1_pkg.egg-info/requires.txt
[0.330s] writing top-level names to ../../build/lab1_pkg/lab1_pkg.egg-info/top_level.txt
[0.347s] reading manifest file '../../build/lab1_pkg/lab1_pkg.egg-info/SOURCES.txt'
[0.348s] writing manifest file '../../build/lab1_pkg/lab1_pkg.egg-info/SOURCES.txt'
[0.348s] running build
[0.348s] running build_py
[0.348s] copying lab1_pkg/relay.py -> /root/lab1_ws/build/lab1_pkg/build/lib/lab1_pkg
[0.348s] running install
[0.349s] running install_lib
[0.349s] copying /root/lab1_ws/build/lab1_pkg/build/lib/lab1_pkg/relay.py -> /root/lab1_ws/install/lab1_pkg/lib/python3.8/site-packages/lab1_pkg
[0.350s] byte-compiling /root/lab1_ws/install/lab1_pkg/lib/python3.8/site-packages/lab1_pkg/relay.py to relay.cpython-38.pyc
[0.350s] running install_data
[0.351s] running install_egg_info
[0.351s] removing '/root/lab1_ws/install/lab1_pkg/lib/python3.8/site-packages/lab1_pkg-0.0.0-py3.8.egg-info' (and everything under it)
[0.352s] Copying ../../build/lab1_pkg/lab1_pkg.egg-info to /root/lab1_ws/install/lab1_pkg/lib/python3.8/site-packages/lab1_pkg-0.0.0-py3.8.egg-info
[0.352s] running install_scripts
[0.361s] Installing relay script to /root/lab1_ws/install/lab1_pkg/lib/lab1_pkg
[0.361s] Installing talker script to /root/lab1_ws/install/lab1_pkg/lib/lab1_pkg
[0.361s] writing list of installed files to '/root/lab1_ws/build/lab1_pkg/install.log'
[0.373s] Invoked command in '/root/lab1_ws/src/lab1_pkg' returned '0': PYTHONPATH=/root/lab1_ws/install/lab1_pkg/lib/python3.8/site-packages:${PYTHONPATH} /usr/bin/python3 setup.py egg_info --egg-base ../../build/lab1_pkg build --build-base /root/lab1_ws/build/lab1_pkg/build install --prefix /root/lab1_ws/install/lab1_pkg --record /root/lab1_ws/build/lab1_pkg/install.log --single-version-externally-managed
