[0.378s] Invoking command in '/lab1_ws/src/lab1_pkg': PYTHONPATH=/lab1_ws/install/lab1_pkg/lib/python3.8/site-packages:${PYTHONPATH} /usr/bin/python3 setup.py egg_info --egg-base ../../build/lab1_pkg build --build-base /lab1_ws/build/lab1_pkg/build install --prefix /lab1_ws/install/lab1_pkg --record /lab1_ws/build/lab1_pkg/install.log --single-version-externally-managed
[0.460s] running egg_info
[0.464s] writing ../../build/lab1_pkg/lab1_pkg.egg-info/PKG-INFO
[0.469s] writing dependency_links to ../../build/lab1_pkg/lab1_pkg.egg-info/dependency_links.txt
[0.473s] writing entry points to ../../build/lab1_pkg/lab1_pkg.egg-info/entry_points.txt
[0.476s] writing requirements to ../../build/lab1_pkg/lab1_pkg.egg-info/requires.txt
[0.480s] writing top-level names to ../../build/lab1_pkg/lab1_pkg.egg-info/top_level.txt
[0.515s] reading manifest file '../../build/lab1_pkg/lab1_pkg.egg-info/SOURCES.txt'
[0.526s] writing manifest file '../../build/lab1_pkg/lab1_pkg.egg-info/SOURCES.txt'
[0.531s] running build
[0.536s] running build_py
[0.540s] copying lab1_pkg/talker.py -> /lab1_ws/build/lab1_pkg/build/lib/lab1_pkg
[0.545s] running install
[0.549s] running install_lib
[0.554s] copying /lab1_ws/build/lab1_pkg/build/lib/lab1_pkg/talker.py -> /lab1_ws/install/lab1_pkg/lib/python3.8/site-packages/lab1_pkg
[0.565s] byte-compiling /lab1_ws/install/lab1_pkg/lib/python3.8/site-packages/lab1_pkg/talker.py to talker.cpython-38.pyc
[0.577s] running install_data
[0.581s] running install_egg_info
[0.585s] removing '/lab1_ws/install/lab1_pkg/lib/python3.8/site-packages/lab1_pkg-0.0.0-py3.8.egg-info' (and everything under it)
[0.590s] Copying ../../build/lab1_pkg/lab1_pkg.egg-info to /lab1_ws/install/lab1_pkg/lib/python3.8/site-packages/lab1_pkg-0.0.0-py3.8.egg-info
[0.663s] running install_scripts
[0.679s] Installing relay script to /lab1_ws/install/lab1_pkg/lib/lab1_pkg
[0.683s] Installing talker script to /lab1_ws/install/lab1_pkg/lib/lab1_pkg
[0.690s] writing list of installed files to '/lab1_ws/build/lab1_pkg/install.log'
[0.709s] Invoked command in '/lab1_ws/src/lab1_pkg' returned '0': PYTHONPATH=/lab1_ws/install/lab1_pkg/lib/python3.8/site-packages:${PYTHONPATH} /usr/bin/python3 setup.py egg_info --egg-base ../../build/lab1_pkg build --build-base /lab1_ws/build/lab1_pkg/build install --prefix /lab1_ws/install/lab1_pkg --record /lab1_ws/build/lab1_pkg/install.log --single-version-externally-managed
