[0.392s] Invoking command in '/lab1_ws/src/lab1_pkg': PYTHONPATH=/lab1_ws/install/lab1_pkg/lib/python3.8/site-packages:${PYTHONPATH} /usr/bin/python3 setup.py egg_info --egg-base ../../build/lab1_pkg build --build-base /lab1_ws/build/lab1_pkg/build install --prefix /lab1_ws/install/lab1_pkg --record /lab1_ws/build/lab1_pkg/install.log --single-version-externally-managed
[0.461s] running egg_info
[0.467s] writing ../../build/lab1_pkg/lab1_pkg.egg-info/PKG-INFO
[0.472s] writing dependency_links to ../../build/lab1_pkg/lab1_pkg.egg-info/dependency_links.txt
[0.479s] writing entry points to ../../build/lab1_pkg/lab1_pkg.egg-info/entry_points.txt
[0.485s] writing requirements to ../../build/lab1_pkg/lab1_pkg.egg-info/requires.txt
[0.489s] writing top-level names to ../../build/lab1_pkg/lab1_pkg.egg-info/top_level.txt
[0.525s] reading manifest file '../../build/lab1_pkg/lab1_pkg.egg-info/SOURCES.txt'
[0.534s] writing manifest file '../../build/lab1_pkg/lab1_pkg.egg-info/SOURCES.txt'
[0.541s] running build
[0.547s] running build_py
[0.553s] copying lab1_pkg/talker.py -> /lab1_ws/build/lab1_pkg/build/lib/lab1_pkg
[0.556s] running install
[0.559s] running install_lib
[0.563s] copying /lab1_ws/build/lab1_pkg/build/lib/lab1_pkg/talker.py -> /lab1_ws/install/lab1_pkg/lib/python3.8/site-packages/lab1_pkg
[0.571s] byte-compiling /lab1_ws/install/lab1_pkg/lib/python3.8/site-packages/lab1_pkg/talker.py to talker.cpython-38.pyc
[0.581s] running install_data
[0.586s] running install_egg_info
[0.590s] removing '/lab1_ws/install/lab1_pkg/lib/python3.8/site-packages/lab1_pkg-0.0.0-py3.8.egg-info' (and everything under it)
[0.595s] Copying ../../build/lab1_pkg/lab1_pkg.egg-info to /lab1_ws/install/lab1_pkg/lib/python3.8/site-packages/lab1_pkg-0.0.0-py3.8.egg-info
[0.670s] running install_scripts
[0.685s] Installing relay script to /lab1_ws/install/lab1_pkg/lib/lab1_pkg
[0.690s] Installing talker script to /lab1_ws/install/lab1_pkg/lib/lab1_pkg
[0.695s] writing list of installed files to '/lab1_ws/build/lab1_pkg/install.log'
[0.713s] Invoked command in '/lab1_ws/src/lab1_pkg' returned '0': PYTHONPATH=/lab1_ws/install/lab1_pkg/lib/python3.8/site-packages:${PYTHONPATH} /usr/bin/python3 setup.py egg_info --egg-base ../../build/lab1_pkg build --build-base /lab1_ws/build/lab1_pkg/build install --prefix /lab1_ws/install/lab1_pkg --record /lab1_ws/build/lab1_pkg/install.log --single-version-externally-managed
