[0.368s] Invoking command in '/lab1_ws/src/lab1_pkg': PYTHONPATH=/lab1_ws/install/lab1_pkg/lib/python3.8/site-packages:${PYTHONPATH} /usr/bin/python3 setup.py egg_info --egg-base ../../build/lab1_pkg build --build-base /lab1_ws/build/lab1_pkg/build install --prefix /lab1_ws/install/lab1_pkg --record /lab1_ws/build/lab1_pkg/install.log --single-version-externally-managed
[0.453s] running egg_info
[0.457s] writing ../../build/lab1_pkg/lab1_pkg.egg-info/PKG-INFO
[0.462s] writing dependency_links to ../../build/lab1_pkg/lab1_pkg.egg-info/dependency_links.txt
[0.468s] writing entry points to ../../build/lab1_pkg/lab1_pkg.egg-info/entry_points.txt
[0.472s] writing requirements to ../../build/lab1_pkg/lab1_pkg.egg-info/requires.txt
[0.476s] writing top-level names to ../../build/lab1_pkg/lab1_pkg.egg-info/top_level.txt
[0.513s] reading manifest file '../../build/lab1_pkg/lab1_pkg.egg-info/SOURCES.txt'
[0.524s] writing manifest file '../../build/lab1_pkg/lab1_pkg.egg-info/SOURCES.txt'
[0.528s] running build
[0.531s] running build_py
[0.536s] running install
[0.540s] running install_lib
[0.548s] running install_data
[0.553s] running install_egg_info
[0.557s] removing '/lab1_ws/install/lab1_pkg/lib/python3.8/site-packages/lab1_pkg-0.0.0-py3.8.egg-info' (and everything under it)
[0.561s] Copying ../../build/lab1_pkg/lab1_pkg.egg-info to /lab1_ws/install/lab1_pkg/lib/python3.8/site-packages/lab1_pkg-0.0.0-py3.8.egg-info
[0.640s] running install_scripts
[0.653s] Installing relay script to /lab1_ws/install/lab1_pkg/lib/lab1_pkg
[0.660s] Installing talker script to /lab1_ws/install/lab1_pkg/lib/lab1_pkg
[0.668s] writing list of installed files to '/lab1_ws/build/lab1_pkg/install.log'
[0.686s] Invoked command in '/lab1_ws/src/lab1_pkg' returned '0': PYTHONPATH=/lab1_ws/install/lab1_pkg/lib/python3.8/site-packages:${PYTHONPATH} /usr/bin/python3 setup.py egg_info --egg-base ../../build/lab1_pkg build --build-base /lab1_ws/build/lab1_pkg/build install --prefix /lab1_ws/install/lab1_pkg --record /lab1_ws/build/lab1_pkg/install.log --single-version-externally-managed
