[0.252s] Invoking command in '/root/lab1_ws/src/lab1_pkg': PYTHONPATH=/root/lab1_ws/install/lab1_pkg/lib/python3.8/site-packages:${PYTHONPATH} /usr/bin/python3 setup.py egg_info --egg-base ../../build/lab1_pkg build --build-base /root/lab1_ws/build/lab1_pkg/build install --prefix /root/lab1_ws/install/lab1_pkg --record /root/lab1_ws/build/lab1_pkg/install.log --single-version-externally-managed
[0.331s] running egg_info
[0.332s] writing ../../build/lab1_pkg/lab1_pkg.egg-info/PKG-INFO
[0.332s] writing dependency_links to ../../build/lab1_pkg/lab1_pkg.egg-info/dependency_links.txt
[0.332s] writing entry points to ../../build/lab1_pkg/lab1_pkg.egg-info/entry_points.txt
[0.332s] writing requirements to ../../build/lab1_pkg/lab1_pkg.egg-info/requires.txt
[0.332s] writing top-level names to ../../build/lab1_pkg/lab1_pkg.egg-info/top_level.txt
[0.350s] reading manifest file '../../build/lab1_pkg/lab1_pkg.egg-info/SOURCES.txt'
[0.351s] writing manifest file '../../build/lab1_pkg/lab1_pkg.egg-info/SOURCES.txt'
[0.351s] running build
[0.351s] running build_py
[0.351s] running install
[0.351s] running install_lib
[0.352s] running install_data
[0.352s] running install_egg_info
[0.353s] removing '/root/lab1_ws/install/lab1_pkg/lib/python3.8/site-packages/lab1_pkg-0.0.0-py3.8.egg-info' (and everything under it)
[0.353s] Copying ../../build/lab1_pkg/lab1_pkg.egg-info to /root/lab1_ws/install/lab1_pkg/lib/python3.8/site-packages/lab1_pkg-0.0.0-py3.8.egg-info
[0.354s] running install_scripts
[0.362s] Installing relay script to /root/lab1_ws/install/lab1_pkg/lib/lab1_pkg
[0.362s] Installing talker script to /root/lab1_ws/install/lab1_pkg/lib/lab1_pkg
[0.363s] writing list of installed files to '/root/lab1_ws/build/lab1_pkg/install.log'
[0.376s] Invoked command in '/root/lab1_ws/src/lab1_pkg' returned '0': PYTHONPATH=/root/lab1_ws/install/lab1_pkg/lib/python3.8/site-packages:${PYTHONPATH} /usr/bin/python3 setup.py egg_info --egg-base ../../build/lab1_pkg build --build-base /root/lab1_ws/build/lab1_pkg/build install --prefix /root/lab1_ws/install/lab1_pkg --record /root/lab1_ws/build/lab1_pkg/install.log --single-version-externally-managed
